<?xml version="1.0" encoding="UTF-8"?>
<testng-results ignored="0" total="2" passed="2" failed="0" skipped="0">
  <reporter-output>
  </reporter-output>
  <suite started-at="2024-05-11T13:56:11 IST" name="Default suite" finished-at="2024-05-11T13:56:52 IST" duration-ms="41558">
    <groups>
      <group name="cucumber">
        <method signature="AbstractTestNGCucumberTests.runScenario(io.cucumber.testng.PickleWrapper,io.cucumber.testng.FeatureWrapper)[pri:0, instance:com.test.runner.TestRunner@59662a0b]" name="runScenario" class="io.cucumber.testng.AbstractTestNGCucumberTests"/>
      </group> <!-- cucumber -->
    </groups>
    <test started-at="2024-05-11T13:56:11 IST" name="Default test" finished-at="2024-05-11T13:56:52 IST" duration-ms="41558">
      <class name="com.test.runner.TestRunner">
        <test-method is-config="true" signature="setUpClass()[pri:0, instance:com.test.runner.TestRunner@59662a0b]" started-at="2024-05-11T13:56:11 IST" name="setUpClass" finished-at="2024-05-11T13:56:11 IST" duration-ms="620" status="PASS">
          <reporter-output>
          </reporter-output>
        </test-method> <!-- setUpClass -->
        <test-method signature="runScenario(io.cucumber.testng.PickleWrapper,io.cucumber.testng.FeatureWrapper)[pri:0, instance:com.test.runner.TestRunner@59662a0b]" started-at="2024-05-11T13:56:11 IST" name="runScenario" description="Runs Cucumber Scenarios" data-provider="scenarios" finished-at="2024-05-11T13:56:36 IST" duration-ms="24790" status="PASS">
          <params>
            <param index="0">
              <value>
                <![CDATA["Validate CSS properties"]]>
              </value>
            </param>
            <param index="1">
              <value>
                <![CDATA["Optional[CSS Validation]"]]>
              </value>
            </param>
          </params>
          <reporter-output>
          </reporter-output>
        </test-method> <!-- runScenario -->
        <test-method signature="runScenario(io.cucumber.testng.PickleWrapper,io.cucumber.testng.FeatureWrapper)[pri:0, instance:com.test.runner.TestRunner@59662a0b]" started-at="2024-05-11T13:56:36 IST" name="runScenario" description="Runs Cucumber Scenarios" data-provider="scenarios" finished-at="2024-05-11T13:56:52 IST" duration-ms="15984" status="PASS">
          <params>
            <param index="0">
              <value>
                <![CDATA["Validate CSS properties 2"]]>
              </value>
            </param>
            <param index="1">
              <value>
                <![CDATA["Optional[CSS Validation 2]"]]>
              </value>
            </param>
          </params>
          <reporter-output>
          </reporter-output>
        </test-method> <!-- runScenario -->
        <test-method is-config="true" signature="tearDownClass()[pri:0, instance:com.test.runner.TestRunner@59662a0b]" started-at="2024-05-11T13:56:52 IST" name="tearDownClass" finished-at="2024-05-11T13:56:52 IST" duration-ms="124" status="PASS">
          <reporter-output>
          </reporter-output>
        </test-method> <!-- tearDownClass -->
      </class> <!-- com.test.runner.TestRunner -->
    </test> <!-- Default test -->
  </suite> <!-- Default suite -->
</testng-results>
